<?xml version="1.0" encoding="UTF-8"?>
<testsuite xmlns:xsi="http://www.w3.org/2001/XMLSchema-instance" xsi:noNamespaceSchemaLocation="https://maven.apache.org/surefire/maven-surefire-plugin/xsd/surefire-test-report.xsd" version="3.0.2" name="ar.com.emanar.CategoriaProductoServiceTest" time="8.307" tests="5" errors="0" skipped="0" failures="0">
  <properties>
[...]
</properties>
  <testcase name="testSaveCategoriaProducto" classname="ar.com.emanar.CategoriaProductoServiceTest" time="0.628">
    <system-out><![CDATA[09:27:11.226 [main] INFO org.springframework.test.context.support.AnnotationConfigContextLoaderUtils -- Could not detect default configuration classes for test class [ar.com.emanar.CategoriaProductoServiceTest]: CategoriaProductoServiceTest does not declare any static, non-private, non-final, nested classes annotated with @Configuration.
09:27:11.363 [main] INFO org.springframework.boot.test.context.SpringBootTestContextBootstrapper -- Found @SpringBootConfiguration ar.com.emanar.WsRestServerApplication for test class ar.com.emanar.CategoriaProductoServiceTest
09:27:11.761 [main] INFO org.springframework.boot.devtools.restart.RestartApplicationListener -- Restart disabled due to context in which it is running

  .   ____          _            __ _ _
 /\\ / ___'_ __ _ _(_)_ __  __ _ \ \ \ \
( ( )\___ | '_ | '_| | '_ \/ _` | \ \ \ \
 \\/  ___)| |_)| | | | | || (_| |  ) ) ) )
  '  |____| .__|_| |_|_| |_\__, | / / / /
 =========|_|==============|___/=/_/_/_/

 :: Spring Boot ::                (v3.5.0)

2025-07-30T09:27:12.135-03:00  INFO 25952 --- [ws-rest-server] [           main] a.c.emanar.CategoriaProductoServiceTest  : Starting CategoriaProductoServiceTest using Java 22.0.1 with PID 25952 (started by Gianca in G:\gianca\Trabajos\Desarrollo Web\Web Service Rest Emanar\ws-rest-emanar)
2025-07-30T09:27:12.137-03:00  INFO 25952 --- [ws-rest-server] [           main] a.c.emanar.CategoriaProductoServiceTest  : No active profile set, falling back to 1 default profile: "default"
2025-07-30T09:27:13.212-03:00  INFO 25952 --- [ws-rest-server] [           main] .s.d.r.c.RepositoryConfigurationDelegate : Bootstrapping Spring Data JPA repositories in DEFAULT mode.
2025-07-30T09:27:13.321-03:00  INFO 25952 --- [ws-rest-server] [           main] .s.d.r.c.RepositoryConfigurationDelegate : Finished Spring Data repository scanning in 97 ms. Found 10 JPA repository interfaces.
2025-07-30T09:27:14.150-03:00  INFO 25952 --- [ws-rest-server] [           main] com.zaxxer.hikari.HikariDataSource       : HikariPool-1 - Starting...
2025-07-30T09:27:14.370-03:00  INFO 25952 --- [ws-rest-server] [           main] com.zaxxer.hikari.pool.HikariPool        : HikariPool-1 - Added connection conn0: url=jdbc:h2:mem:testdb user=SA
2025-07-30T09:27:14.372-03:00  INFO 25952 --- [ws-rest-server] [           main] com.zaxxer.hikari.HikariDataSource       : HikariPool-1 - Start completed.
2025-07-30T09:27:14.425-03:00  INFO 25952 --- [ws-rest-server] [           main] o.hibernate.jpa.internal.util.LogHelper  : HHH000204: Processing PersistenceUnitInfo [name: default]
2025-07-30T09:27:14.504-03:00  INFO 25952 --- [ws-rest-server] [           main] org.hibernate.Version                    : HHH000412: Hibernate ORM core version 6.6.15.Final
2025-07-30T09:27:14.556-03:00  INFO 25952 --- [ws-rest-server] [           main] o.h.c.internal.RegionFactoryInitiator    : HHH000026: Second-level cache disabled
2025-07-30T09:27:14.860-03:00  INFO 25952 --- [ws-rest-server] [           main] o.s.o.j.p.SpringPersistenceUnitInfo      : No LoadTimeWeaver setup: ignoring JPA class transformer
2025-07-30T09:27:14.913-03:00  WARN 25952 --- [ws-rest-server] [           main] org.hibernate.orm.deprecation            : HHH90000025: H2Dialect does not need to be specified explicitly using 'hibernate.dialect' (remove the property setting and it will be selected by default)
2025-07-30T09:27:14.929-03:00  INFO 25952 --- [ws-rest-server] [           main] org.hibernate.orm.connections.pooling    : HHH10001005: Database info:
	Database JDBC URL [Connecting through datasource 'HikariDataSource (HikariPool-1)']
	Database driver: undefined/unknown
	Database version: 2.3.232
	Autocommit mode: undefined/unknown
	Isolation level: undefined/unknown
	Minimum pool size: undefined/unknown
	Maximum pool size: undefined/unknown
2025-07-30T09:27:16.044-03:00  INFO 25952 --- [ws-rest-server] [           main] o.h.e.t.j.p.i.JtaPlatformInitiator       : HHH000489: No JTA platform available (set 'hibernate.transaction.jta.platform' to enable JTA platform integration)
2025-07-30T09:27:16.111-03:00  INFO 25952 --- [ws-rest-server] [           main] j.LocalContainerEntityManagerFactoryBean : Initialized JPA EntityManagerFactory for persistence unit 'default'
2025-07-30T09:27:16.500-03:00  INFO 25952 --- [ws-rest-server] [           main] eAuthenticationProviderManagerConfigurer : Global AuthenticationManager configured with AuthenticationProvider bean with name authenticationProvider
2025-07-30T09:27:16.501-03:00  WARN 25952 --- [ws-rest-server] [           main] r$InitializeUserDetailsManagerConfigurer : Global AuthenticationManager configured with an AuthenticationProvider bean. UserDetailsService beans will not be used by Spring Security for automatically configuring username/password login. Consider removing the AuthenticationProvider bean. Alternatively, consider using the UserDetailsService in a manually instantiated DaoAuthenticationProvider. If the current configuration is intentional, to turn off this warning, increase the logging level of 'org.springframework.security.config.annotation.authentication.configuration.InitializeUserDetailsBeanManagerConfigurer' to ERROR
2025-07-30T09:27:17.746-03:00  INFO 25952 --- [ws-rest-server] [           main] o.s.b.a.h2.H2ConsoleAutoConfiguration    : H2 console available at '/h2-console'. Database available at 'jdbc:h2:mem:testdb'
2025-07-30T09:27:18.179-03:00  INFO 25952 --- [ws-rest-server] [           main] a.c.emanar.CategoriaProductoServiceTest  : Started CategoriaProductoServiceTest in 6.428 seconds (process running for 7.876)
]]></system-out>
    <system-err><![CDATA[Mockito is currently self-attaching to enable the inline-mock-maker. This will no longer work in future releases of the JDK. Please add Mockito as an agent to your build as described in Mockito's documentation: https://javadoc.io/doc/org.mockito/mockito-core/latest/org.mockito/org/mockito/Mockito.html#0.3
WARNING: A Java agent has been loaded dynamically (C:\Users\Gianca\.m2\repository\net\bytebuddy\byte-buddy-agent\1.17.5\byte-buddy-agent-1.17.5.jar)
WARNING: If a serviceability tool is in use, please run with -XX:+EnableDynamicAgentLoading to hide this warning
WARNING: If a serviceability tool is not in use, please run with -Djdk.instrument.traceUsage for more information
WARNING: Dynamic loading of agents will be disallowed by default in a future release
]]></system-err>
  </testcase>
  <testcase name="testFindById" classname="ar.com.emanar.CategoriaProductoServiceTest" time="0.032"/>
  <testcase name="testFindAllCategoriaProducto" classname="ar.com.emanar.CategoriaProductoServiceTest" time="0.085"/>
  <testcase name="testDeleteById" classname="ar.com.emanar.CategoriaProductoServiceTest" time="0.065"/>
  <testcase name="testUpdateCategoriaProducto" classname="ar.com.emanar.CategoriaProductoServiceTest" time="0.016"/>
</testsuite>